<?xml version="1.0" encoding="UTF-8"?>
<testsuite xmlns:xsi="http://www.w3.org/2001/XMLSchema-instance" xsi:noNamespaceSchemaLocation="https://maven.apache.org/surefire/maven-surefire-plugin/xsd/surefire-test-report.xsd" name="org.lessons.arquillian.ejb.CalculatorServiceTest" time="7.069" tests="1" errors="0" skipped="0" failures="0">
  <properties>
    <property name="gopherProxySet" value="false"/>
    <property name="awt.toolkit" value="sun.lwawt.macosx.LWCToolkit"/>
    <property name="file.encoding.pkg" value="sun.io"/>
    <property name="java.specification.version" value="1.8"/>
    <property name="sun.cpu.isalist" value=""/>
    <property name="sun.jnu.encoding" value="UTF-8"/>
    <property name="java.class.path" value="/Users/jag/IdeaProjects/MyJavaEEProejct/ejbs/target/test-classes:/Users/jag/IdeaProjects/MyJavaEEProejct/ejbs/target/classes:/Users/jag/IdeaProjects/MyJavaEEProejct/primary-source/target/classes:/Users/jag/IdeaProjects/MyJavaEEProejct/projects/logging/target/classes:/Users/jag/.m2/repository/javax/ejb/javax.ejb-api/3.2/javax.ejb-api-3.2.jar:/Users/jag/.m2/repository/javax/transaction/javax.transaction-api/1.2/javax.transaction-api-1.2.jar:/Users/jag/.m2/repository/javax/inject/javax.inject/1/javax.inject-1.jar:/Users/jag/.m2/repository/junit/junit/4.13/junit-4.13.jar:/Users/jag/.m2/repository/org/hamcrest/hamcrest-core/1.3/hamcrest-core-1.3.jar:/Users/jag/.m2/repository/org/jboss/arquillian/junit/arquillian-junit-container/1.4.0.Final/arquillian-junit-container-1.4.0.Final.jar:/Users/jag/.m2/repository/org/jboss/arquillian/junit/arquillian-junit-core/1.4.0.Final/arquillian-junit-core-1.4.0.Final.jar:/Users/jag/.m2/repository/org/jboss/arquillian/test/arquillian-test-api/1.4.0.Final/arquillian-test-api-1.4.0.Final.jar:/Users/jag/.m2/repository/org/jboss/arquillian/core/arquillian-core-api/1.4.0.Final/arquillian-core-api-1.4.0.Final.jar:/Users/jag/.m2/repository/org/jboss/arquillian/test/arquillian-test-spi/1.4.0.Final/arquillian-test-spi-1.4.0.Final.jar:/Users/jag/.m2/repository/org/jboss/arquillian/core/arquillian-core-spi/1.4.0.Final/arquillian-core-spi-1.4.0.Final.jar:/Users/jag/.m2/repository/org/jboss/arquillian/container/arquillian-container-test-api/1.4.0.Final/arquillian-container-test-api-1.4.0.Final.jar:/Users/jag/.m2/repository/org/jboss/shrinkwrap/shrinkwrap-api/1.2.6/shrinkwrap-api-1.2.6.jar:/Users/jag/.m2/repository/org/jboss/shrinkwrap/descriptors/shrinkwrap-descriptors-api-base/2.0.0/shrinkwrap-descriptors-api-base-2.0.0.jar:/Users/jag/.m2/repository/org/jboss/arquillian/container/arquillian-container-test-spi/1.4.0.Final/arquillian-container-test-spi-1.4.0.Final.jar:/Users/jag/.m2/repository/org/jboss/arquillian/core/arquillian-core-impl-base/1.4.0.Final/arquillian-core-impl-base-1.4.0.Final.jar:/Users/jag/.m2/repository/org/jboss/arquillian/test/arquillian-test-impl-base/1.4.0.Final/arquillian-test-impl-base-1.4.0.Final.jar:/Users/jag/.m2/repository/org/jboss/arquillian/container/arquillian-container-impl-base/1.4.0.Final/arquillian-container-impl-base-1.4.0.Final.jar:/Users/jag/.m2/repository/org/jboss/arquillian/config/arquillian-config-api/1.4.0.Final/arquillian-config-api-1.4.0.Final.jar:/Users/jag/.m2/repository/org/jboss/arquillian/config/arquillian-config-impl-base/1.4.0.Final/arquillian-config-impl-base-1.4.0.Final.jar:/Users/jag/.m2/repository/org/jboss/arquillian/config/arquillian-config-spi/1.4.0.Final/arquillian-config-spi-1.4.0.Final.jar:/Users/jag/.m2/repository/org/jboss/shrinkwrap/descriptors/shrinkwrap-descriptors-spi/2.0.0/shrinkwrap-descriptors-spi-2.0.0.jar:/Users/jag/.m2/repository/org/jboss/arquillian/container/arquillian-container-test-impl-base/1.4.0.Final/arquillian-container-test-impl-base-1.4.0.Final.jar:/Users/jag/.m2/repository/org/jboss/shrinkwrap/shrinkwrap-impl-base/1.2.6/shrinkwrap-impl-base-1.2.6.jar:/Users/jag/.m2/repository/org/jboss/shrinkwrap/shrinkwrap-spi/1.2.6/shrinkwrap-spi-1.2.6.jar:/Users/jag/.m2/repository/org/glassfish/main/extras/glassfish-embedded-all/5.1.0/glassfish-embedded-all-5.1.0.jar:/Library/Java/JavaVirtualMachines/jdk1.8.0_241.jdk/Contents/Home/jre/../lib/tools.jar:/Users/jag/.m2/repository/org/jboss/arquillian/container/arquillian-glassfish-embedded-3.1/1.0.2/arquillian-glassfish-embedded-3.1-1.0.2.jar:/Users/jag/.m2/repository/org/jboss/arquillian/container/arquillian-container-spi/1.4.0.Final/arquillian-container-spi-1.4.0.Final.jar:/Users/jag/.m2/repository/org/jboss/arquillian/protocol/arquillian-protocol-servlet/1.4.0.Final/arquillian-protocol-servlet-1.4.0.Final.jar:/Users/jag/.m2/repository/org/jboss/arquillian/testenricher/arquillian-testenricher-cdi/1.4.0.Final/arquillian-testenricher-cdi-1.4.0.Final.jar:/Users/jag/.m2/repository/org/jboss/arquillian/testenricher/arquillian-testenricher-ejb/1.4.0.Final/arquillian-testenricher-ejb-1.4.0.Final.jar:/Users/jag/.m2/repository/org/jboss/arquillian/testenricher/arquillian-testenricher-resource/1.4.0.Final/arquillian-testenricher-resource-1.4.0.Final.jar:/Users/jag/.m2/repository/org/jboss/arquillian/testenricher/arquillian-testenricher-initialcontext/1.4.0.Final/arquillian-testenricher-initialcontext-1.4.0.Final.jar:"/>
    <property name="java.vm.vendor" value="Oracle Corporation"/>
    <property name="sun.arch.data.model" value="64"/>
    <property name="java.vendor.url" value="http://java.oracle.com/"/>
    <property name="user.timezone" value=""/>
    <property name="java.vm.specification.version" value="1.8"/>
    <property name="os.name" value="Mac OS X"/>
    <property name="user.country" value="SG"/>
    <property name="sun.java.launcher" value="SUN_STANDARD"/>
    <property name="sun.boot.library.path" value="/Library/Java/JavaVirtualMachines/jdk1.8.0_241.jdk/Contents/Home/jre/lib"/>
    <property name="sun.java.command" value="/Users/jag/IdeaProjects/MyJavaEEProejct/ejbs/target/surefire/surefirebooter7971771663584225630.jar /Users/jag/IdeaProjects/MyJavaEEProejct/ejbs/target/surefire 2020-03-22T01-15-55_325-jvmRun1 surefire2237153601454342347tmp surefire_2253829500585829518tmp"/>
    <property name="http.nonProxyHosts" value="local|*.local|169.254/16|*.169.254/16"/>
    <property name="surefire.test.class.path" value="/Users/jag/IdeaProjects/MyJavaEEProejct/ejbs/target/test-classes:/Users/jag/IdeaProjects/MyJavaEEProejct/ejbs/target/classes:/Users/jag/IdeaProjects/MyJavaEEProejct/primary-source/target/classes:/Users/jag/IdeaProjects/MyJavaEEProejct/projects/logging/target/classes:/Users/jag/.m2/repository/javax/ejb/javax.ejb-api/3.2/javax.ejb-api-3.2.jar:/Users/jag/.m2/repository/javax/transaction/javax.transaction-api/1.2/javax.transaction-api-1.2.jar:/Users/jag/.m2/repository/javax/inject/javax.inject/1/javax.inject-1.jar:/Users/jag/.m2/repository/junit/junit/4.13/junit-4.13.jar:/Users/jag/.m2/repository/org/hamcrest/hamcrest-core/1.3/hamcrest-core-1.3.jar:/Users/jag/.m2/repository/org/jboss/arquillian/junit/arquillian-junit-container/1.4.0.Final/arquillian-junit-container-1.4.0.Final.jar:/Users/jag/.m2/repository/org/jboss/arquillian/junit/arquillian-junit-core/1.4.0.Final/arquillian-junit-core-1.4.0.Final.jar:/Users/jag/.m2/repository/org/jboss/arquillian/test/arquillian-test-api/1.4.0.Final/arquillian-test-api-1.4.0.Final.jar:/Users/jag/.m2/repository/org/jboss/arquillian/core/arquillian-core-api/1.4.0.Final/arquillian-core-api-1.4.0.Final.jar:/Users/jag/.m2/repository/org/jboss/arquillian/test/arquillian-test-spi/1.4.0.Final/arquillian-test-spi-1.4.0.Final.jar:/Users/jag/.m2/repository/org/jboss/arquillian/core/arquillian-core-spi/1.4.0.Final/arquillian-core-spi-1.4.0.Final.jar:/Users/jag/.m2/repository/org/jboss/arquillian/container/arquillian-container-test-api/1.4.0.Final/arquillian-container-test-api-1.4.0.Final.jar:/Users/jag/.m2/repository/org/jboss/shrinkwrap/shrinkwrap-api/1.2.6/shrinkwrap-api-1.2.6.jar:/Users/jag/.m2/repository/org/jboss/shrinkwrap/descriptors/shrinkwrap-descriptors-api-base/2.0.0/shrinkwrap-descriptors-api-base-2.0.0.jar:/Users/jag/.m2/repository/org/jboss/arquillian/container/arquillian-container-test-spi/1.4.0.Final/arquillian-container-test-spi-1.4.0.Final.jar:/Users/jag/.m2/repository/org/jboss/arquillian/core/arquillian-core-impl-base/1.4.0.Final/arquillian-core-impl-base-1.4.0.Final.jar:/Users/jag/.m2/repository/org/jboss/arquillian/test/arquillian-test-impl-base/1.4.0.Final/arquillian-test-impl-base-1.4.0.Final.jar:/Users/jag/.m2/repository/org/jboss/arquillian/container/arquillian-container-impl-base/1.4.0.Final/arquillian-container-impl-base-1.4.0.Final.jar:/Users/jag/.m2/repository/org/jboss/arquillian/config/arquillian-config-api/1.4.0.Final/arquillian-config-api-1.4.0.Final.jar:/Users/jag/.m2/repository/org/jboss/arquillian/config/arquillian-config-impl-base/1.4.0.Final/arquillian-config-impl-base-1.4.0.Final.jar:/Users/jag/.m2/repository/org/jboss/arquillian/config/arquillian-config-spi/1.4.0.Final/arquillian-config-spi-1.4.0.Final.jar:/Users/jag/.m2/repository/org/jboss/shrinkwrap/descriptors/shrinkwrap-descriptors-spi/2.0.0/shrinkwrap-descriptors-spi-2.0.0.jar:/Users/jag/.m2/repository/org/jboss/arquillian/container/arquillian-container-test-impl-base/1.4.0.Final/arquillian-container-test-impl-base-1.4.0.Final.jar:/Users/jag/.m2/repository/org/jboss/shrinkwrap/shrinkwrap-impl-base/1.2.6/shrinkwrap-impl-base-1.2.6.jar:/Users/jag/.m2/repository/org/jboss/shrinkwrap/shrinkwrap-spi/1.2.6/shrinkwrap-spi-1.2.6.jar:/Users/jag/.m2/repository/org/glassfish/main/extras/glassfish-embedded-all/5.1.0/glassfish-embedded-all-5.1.0.jar:/Library/Java/JavaVirtualMachines/jdk1.8.0_241.jdk/Contents/Home/jre/../lib/tools.jar:/Users/jag/.m2/repository/org/jboss/arquillian/container/arquillian-glassfish-embedded-3.1/1.0.2/arquillian-glassfish-embedded-3.1-1.0.2.jar:/Users/jag/.m2/repository/org/jboss/arquillian/container/arquillian-container-spi/1.4.0.Final/arquillian-container-spi-1.4.0.Final.jar:/Users/jag/.m2/repository/org/jboss/arquillian/protocol/arquillian-protocol-servlet/1.4.0.Final/arquillian-protocol-servlet-1.4.0.Final.jar:/Users/jag/.m2/repository/org/jboss/arquillian/testenricher/arquillian-testenricher-cdi/1.4.0.Final/arquillian-testenricher-cdi-1.4.0.Final.jar:/Users/jag/.m2/repository/org/jboss/arquillian/testenricher/arquillian-testenricher-ejb/1.4.0.Final/arquillian-testenricher-ejb-1.4.0.Final.jar:/Users/jag/.m2/repository/org/jboss/arquillian/testenricher/arquillian-testenricher-resource/1.4.0.Final/arquillian-testenricher-resource-1.4.0.Final.jar:/Users/jag/.m2/repository/org/jboss/arquillian/testenricher/arquillian-testenricher-initialcontext/1.4.0.Final/arquillian-testenricher-initialcontext-1.4.0.Final.jar:"/>
    <property name="sun.cpu.endian" value="little"/>
    <property name="user.home" value="/Users/jag"/>
    <property name="user.language" value="en"/>
    <property name="java.specification.vendor" value="Oracle Corporation"/>
    <property name="java.home" value="/Library/Java/JavaVirtualMachines/jdk1.8.0_241.jdk/Contents/Home/jre"/>
    <property name="basedir" value="/Users/jag/IdeaProjects/MyJavaEEProejct/ejbs"/>
    <property name="file.separator" value="/"/>
    <property name="line.separator" value="&#10;"/>
    <property name="java.vm.specification.vendor" value="Oracle Corporation"/>
    <property name="java.specification.name" value="Java Platform API Specification"/>
    <property name="java.awt.graphicsenv" value="sun.awt.CGraphicsEnvironment"/>
    <property name="surefire.real.class.path" value="/Users/jag/IdeaProjects/MyJavaEEProejct/ejbs/target/surefire/surefirebooter7971771663584225630.jar"/>
    <property name="sun.boot.class.path" value="/Library/Java/JavaVirtualMachines/jdk1.8.0_241.jdk/Contents/Home/jre/lib/resources.jar:/Library/Java/JavaVirtualMachines/jdk1.8.0_241.jdk/Contents/Home/jre/lib/rt.jar:/Library/Java/JavaVirtualMachines/jdk1.8.0_241.jdk/Contents/Home/jre/lib/sunrsasign.jar:/Library/Java/JavaVirtualMachines/jdk1.8.0_241.jdk/Contents/Home/jre/lib/jsse.jar:/Library/Java/JavaVirtualMachines/jdk1.8.0_241.jdk/Contents/Home/jre/lib/jce.jar:/Library/Java/JavaVirtualMachines/jdk1.8.0_241.jdk/Contents/Home/jre/lib/charsets.jar:/Library/Java/JavaVirtualMachines/jdk1.8.0_241.jdk/Contents/Home/jre/lib/jfr.jar:/Library/Java/JavaVirtualMachines/jdk1.8.0_241.jdk/Contents/Home/jre/classes"/>
    <property name="sun.management.compiler" value="HotSpot 64-Bit Tiered Compilers"/>
    <property name="ftp.nonProxyHosts" value="local|*.local|169.254/16|*.169.254/16"/>
    <property name="java.runtime.version" value="1.8.0_241-b07"/>
    <property name="user.name" value="jag"/>
    <property name="path.separator" value=":"/>
    <property name="os.version" value="10.14.5"/>
    <property name="java.endorsed.dirs" value="/Library/Java/JavaVirtualMachines/jdk1.8.0_241.jdk/Contents/Home/jre/lib/endorsed"/>
    <property name="java.runtime.name" value="Java(TM) SE Runtime Environment"/>
    <property name="file.encoding" value="UTF-8"/>
    <property name="java.vm.name" value="Java HotSpot(TM) 64-Bit Server VM"/>
    <property name="localRepository" value="/Users/jag/.m2/repository"/>
    <property name="java.vendor.url.bug" value="http://bugreport.sun.com/bugreport/"/>
    <property name="java.io.tmpdir" value="/var/folders/dc/9ktm1fwj3ql2g2nhjncrq5tw0000gn/T/"/>
    <property name="java.version" value="1.8.0_241"/>
    <property name="user.dir" value="/Users/jag/IdeaProjects/MyJavaEEProejct/ejbs"/>
    <property name="os.arch" value="x86_64"/>
    <property name="java.vm.specification.name" value="Java Virtual Machine Specification"/>
    <property name="java.awt.printerjob" value="sun.lwawt.macosx.CPrinterJob"/>
    <property name="sun.os.patch.level" value="unknown"/>
    <property name="java.library.path" value="/Users/jag/Library/Java/Extensions:/Library/Java/Extensions:/Network/Library/Java/Extensions:/System/Library/Java/Extensions:/usr/lib/java:."/>
    <property name="idea.version2019.3.2" value="true"/>
    <property name="java.vm.info" value="mixed mode"/>
    <property name="java.vendor" value="Oracle Corporation"/>
    <property name="java.vm.version" value="25.241-b07"/>
    <property name="java.ext.dirs" value="/Users/jag/Library/Java/Extensions:/Library/Java/JavaVirtualMachines/jdk1.8.0_241.jdk/Contents/Home/jre/lib/ext:/Library/Java/Extensions:/Network/Library/Java/Extensions:/System/Library/Java/Extensions:/usr/lib/java"/>
    <property name="sun.io.unicode.encoding" value="UnicodeBig"/>
    <property name="java.class.version" value="52.0"/>
    <property name="socksNonProxyHosts" value="local|*.local|169.254/16|*.169.254/16"/>
  </properties>
  <testcase name="helloEJB" classname="org.lessons.arquillian.ejb.CalculatorServiceTest" time="0.339"/>
</testsuite>